d:\program files\arrayfire\v3\examples\helloworld\opencl\temp\release\vc140.pdb
d:\program files\arrayfire\v3\examples\helloworld\opencl\temp\release\helloworld.obj
d:\users\dariush\documents\github\nn-projects\imageclassificationgpu\opencl\temp\release\vc140.pdb
d:\users\dariush\documents\github\nn-projects\imageclassificationgpu\opencl\temp\release\runner.obj
d:\users\dariush\documents\github\nn-projects\imageclassificationgpu\opencl\temp\release\output.obj
d:\users\dariush\documents\github\nn-projects\imageclassificationgpu\opencl\temp\release\neuron.obj
d:\users\dariush\documents\github\nn-projects\imageclassificationgpu\opencl\temp\release\main.obj
d:\users\dariush\documents\github\nn-projects\imageclassificationgpu\opencl\temp\release\layer.obj
d:\users\dariush\documents\github\nn-projects\imageclassificationgpu\opencl\temp\release\datain.obj
d:\users\dariush\documents\github\nn-projects\imageclassificationgpu\opencl\temp\release\helloworld.obj
d:\program files\arrayfire\v3\examples\helloworld\opencl\helloworld.exe
d:\program files\arrayfire\v3\examples\helloworld\opencl\helloworld.ipdb
d:\program files\arrayfire\v3\examples\helloworld\opencl\helloworld.iobj
d:\program files\arrayfire\v3\examples\helloworld\opencl\helloworld.pdb
d:\users\dariush\documents\github\nn-projects\imageclassificationgpu\opencl\helloworld.pdb
d:\users\dariush\documents\github\nn-projects\imageclassificationgpu\opencl\temp\release\helloworld.tlog\cl.command.1.tlog
d:\users\dariush\documents\github\nn-projects\imageclassificationgpu\opencl\temp\release\helloworld.tlog\cl.read.1.tlog
d:\users\dariush\documents\github\nn-projects\imageclassificationgpu\opencl\temp\release\helloworld.tlog\cl.write.1.tlog
d:\users\dariush\documents\github\nn-projects\imageclassificationgpu\opencl\temp\release\helloworld.tlog\link.command.1.tlog
d:\users\dariush\documents\github\nn-projects\imageclassificationgpu\opencl\temp\release\helloworld.tlog\link.read.1.tlog
d:\users\dariush\documents\github\nn-projects\imageclassificationgpu\opencl\temp\release\helloworld.tlog\link.write.1.tlog
